[0m22:26:58.519909 [debug] [MainThread]: Sending event: {'category': 'dbt', 'action': 'invocation', 'label': 'start', 'context': [<snowplow_tracker.self_describing_json.SelfDescribingJson object at 0x7f70cc685ab0>, <snowplow_tracker.self_describing_json.SelfDescribingJson object at 0x7f70cacc9a20>, <snowplow_tracker.self_describing_json.SelfDescribingJson object at 0x7f70cacc99c0>]}


============================== 22:26:58.522574 | e100f027-0f9d-4d5d-a306-b879efcef49e ==============================
[0m22:26:58.522574 [info ] [MainThread]: Running with dbt=1.5.2
[0m22:26:58.523519 [debug] [MainThread]: running dbt with arguments {'printer_width': '80', 'indirect_selection': 'eager', 'log_cache_events': 'False', 'write_json': 'True', 'partial_parse': 'True', 'cache_selected_only': 'False', 'profiles_dir': '/root/.dbt', 'fail_fast': 'False', 'version_check': 'True', 'log_path': '/usr/src/app/analytics_dbt/logs', 'warn_error': 'None', 'debug': 'False', 'use_colors': 'True', 'use_experimental_parser': 'False', 'no_print': 'None', 'quiet': 'False', 'log_format': 'default', 'static_parser': 'True', 'introspect': 'True', 'warn_error_options': 'WarnErrorOptions(include=[], exclude=[])', 'target_path': 'None', 'send_anonymous_usage_stats': 'True'}
[0m22:26:58.524947 [info ] [MainThread]: dbt version: 1.5.2
[0m22:26:58.525708 [info ] [MainThread]: python version: 3.10.12
[0m22:26:58.526495 [info ] [MainThread]: python path: /usr/local/bin/python
[0m22:26:58.527253 [info ] [MainThread]: os info: Linux-5.10.16.3-microsoft-standard-WSL2-x86_64-with-glibc2.36
[0m22:26:58.527986 [info ] [MainThread]: Using profiles.yml file at /root/.dbt/profiles.yml
[0m22:26:58.528690 [info ] [MainThread]: Using dbt_project.yml file at /usr/src/app/analytics_dbt/dbt_project.yml
[0m22:26:58.529412 [info ] [MainThread]: Configuration:
[0m22:26:58.630012 [info ] [MainThread]:   profiles.yml file [[32mOK found and valid[0m]
[0m22:26:58.656791 [info ] [MainThread]:   dbt_project.yml file [[32mOK found and valid[0m]
[0m22:26:58.657830 [info ] [MainThread]: Required dependencies:
[0m22:26:58.658630 [debug] [MainThread]: Executing "git --help"
[0m22:26:58.660269 [debug] [MainThread]: STDOUT: "b"usage: git [-v | --version] [-h | --help] [-C <path>] [-c <name>=<value>]\n           [--exec-path[=<path>]] [--html-path] [--man-path] [--info-path]\n           [-p | --paginate | -P | --no-pager] [--no-replace-objects] [--bare]\n           [--git-dir=<path>] [--work-tree=<path>] [--namespace=<name>]\n           [--super-prefix=<path>] [--config-env=<name>=<envvar>]\n           <command> [<args>]\n\nThese are common Git commands used in various situations:\n\nstart a working area (see also: git help tutorial)\n   clone     Clone a repository into a new directory\n   init      Create an empty Git repository or reinitialize an existing one\n\nwork on the current change (see also: git help everyday)\n   add       Add file contents to the index\n   mv        Move or rename a file, a directory, or a symlink\n   restore   Restore working tree files\n   rm        Remove files from the working tree and from the index\n\nexamine the history and state (see also: git help revisions)\n   bisect    Use binary search to find the commit that introduced a bug\n   diff      Show changes between commits, commit and working tree, etc\n   grep      Print lines matching a pattern\n   log       Show commit logs\n   show      Show various types of objects\n   status    Show the working tree status\n\ngrow, mark and tweak your common history\n   branch    List, create, or delete branches\n   commit    Record changes to the repository\n   merge     Join two or more development histories together\n   rebase    Reapply commits on top of another base tip\n   reset     Reset current HEAD to the specified state\n   switch    Switch branches\n   tag       Create, list, delete or verify a tag object signed with GPG\n\ncollaborate (see also: git help workflows)\n   fetch     Download objects and refs from another repository\n   pull      Fetch from and integrate with another repository or a local branch\n   push      Update remote refs along with associated objects\n\n'git help -a' and 'git help -g' list available subcommands and some\nconcept guides. See 'git help <command>' or 'git help <concept>'\nto read about a specific subcommand or concept.\nSee 'git help git' for an overview of the system.\n""
[0m22:26:58.661021 [debug] [MainThread]: STDERR: "b''"
[0m22:26:58.661723 [info ] [MainThread]:  - git [[32mOK found[0m]

[0m22:26:58.662514 [info ] [MainThread]: Connection:
[0m22:26:58.663280 [info ] [MainThread]:   host: redshift-cluster-1.cnjizsmvw1hr.sa-east-1.redshift.amazonaws.com
[0m22:26:58.664188 [info ] [MainThread]:   port: 5439
[0m22:26:58.664912 [info ] [MainThread]:   user: sion
[0m22:26:58.665654 [info ] [MainThread]:   database: dev
[0m22:26:58.666366 [info ] [MainThread]:   schema: public
[0m22:26:58.667153 [info ] [MainThread]:   method: database
[0m22:26:58.667872 [info ] [MainThread]:   cluster_id: None
[0m22:26:58.668598 [info ] [MainThread]:   iam_profile: None
[0m22:26:58.669288 [info ] [MainThread]:   sslmode: prefer
[0m22:26:58.669998 [info ] [MainThread]:   region: None
[0m22:26:58.671390 [info ] [MainThread]: Registered adapter: redshift=1.5.6
[0m22:26:58.672242 [debug] [MainThread]: Acquiring new redshift connection 'debug'
[0m22:26:58.673220 [debug] [MainThread]: Using redshift connection "debug"
[0m22:26:58.673862 [debug] [MainThread]: On debug: select 1 as id
[0m22:26:58.674483 [debug] [MainThread]: Opening a new connection, currently in state init
[0m22:26:58.676433 [debug] [MainThread]: Redshift adapter: Establishing connection using ssl with `sslmode` set to 'prefer'.To connect without ssl, set `sslmode` to 'disable'.
[0m22:26:58.677199 [debug] [MainThread]: Redshift adapter: Connecting to redshift with username/password based auth...
[0m22:26:58.979465 [debug] [MainThread]: SQL status: SUCCESS in 0.0 seconds
[0m22:26:58.980908 [debug] [MainThread]: On debug: Close
[0m22:26:58.981798 [info ] [MainThread]:   Connection test: [[32mOK connection ok[0m]

[0m22:26:58.982689 [info ] [MainThread]: [32mAll checks passed![0m
[0m22:26:58.983754 [debug] [MainThread]: Command `dbt debug` succeeded at 22:26:58.983656 after 0.49 seconds
[0m22:26:58.984416 [debug] [MainThread]: Connection 'debug' was properly closed.
[0m22:26:58.985140 [debug] [MainThread]: Sending event: {'category': 'dbt', 'action': 'invocation', 'label': 'end', 'context': [<snowplow_tracker.self_describing_json.SelfDescribingJson object at 0x7f70cc685ab0>, <snowplow_tracker.self_describing_json.SelfDescribingJson object at 0x7f70ca788790>, <snowplow_tracker.self_describing_json.SelfDescribingJson object at 0x7f70ca789ba0>]}
[0m22:26:58.985866 [debug] [MainThread]: Flushing usage events
